#
# There is insufficient memory for the Java Runtime Environment to continue.
# Native memory allocation (malloc) failed to allocate 1149776 bytes for Chunk::new
# Possible reasons:
#   The system is out of physical RAM or swap space
#   The process is running with CompressedOops enabled, and the Java Heap may be blocking the growth of the native heap
# Possible solutions:
#   Reduce memory load on the system
#   Increase physical memory or swap space
#   Check if swap backing store is full
#   Decrease Java heap size (-Xmx/-Xms)
#   Decrease number of Java threads
#   Decrease Java thread stack sizes (-Xss)
#   Set larger code cache with -XX:ReservedCodeCacheSize=
#   JVM is running with Unscaled Compressed Oops mode in which the Java heap is
#     placed in the first 4GB address space. The Java Heap base address is the
#     maximum limit for the native heap growth. Please use -XX:HeapBaseMinAddress
#     to set the Java Heap base and to place the Java Heap above 4GB virtual address.
# This output file may be truncated or incomplete.
#
#  Out of Memory Error (allocation.cpp:389), pid=15108, tid=0x000000000000498c
#
# JRE version: OpenJDK Runtime Environment (8.0_242-b01) (build 1.8.0_242-release-1644-b01)
# Java VM: OpenJDK 64-Bit Server VM (25.242-b01 mixed mode windows-amd64 compressed oops)
# Failed to write core dump. Minidumps are not enabled by default on client versions of Windows
#

---------------  T H R E A D  ---------------

Current thread (0x000000001a1d8000):  JavaThread "C2 CompilerThread1" daemon [_thread_in_native, id=18828, stack(0x000000001aba0000,0x000000001aca0000)]

Stack: [0x000000001aba0000,0x000000001aca0000]
[error occurred during error reporting (printing stack bounds), id 0xc0000005]

Native frames: (J=compiled Java code, j=interpreted, Vv=VM code, C=native code)


Current CompileTask:
C2:   2201 1455       4       java.net.URLClassLoader$1::run (5 bytes)


---------------  P R O C E S S  ---------------

Java Threads: ( => current thread )
  0x000000001d1ed800 JavaThread "Cache worker for file hash cache (C:\Users\AHMAD ABRAR\.gradle\caches\6.1.1\fileHashes)" [_thread_blocked, id=9244, stack(0x000000001eee0000,0x000000001efe0000)]
  0x000000001d1f1800 JavaThread "File lock request listener" [_thread_in_native, id=15808, stack(0x000000001ede0000,0x000000001eee0000)]
  0x000000001d2dc800 JavaThread "Cache worker for journal cache (C:\Users\AHMAD ABRAR\.gradle\caches\journal-1)" [_thread_blocked, id=18572, stack(0x000000001ece0000,0x000000001ede0000)]
  0x000000001ccfc800 JavaThread "Thread-9" [_thread_blocked, id=18048, stack(0x000000001e9e0000,0x000000001eae0000)]
  0x000000001d20b000 JavaThread "Stdin handler" [_thread_blocked, id=19156, stack(0x000000001e8e0000,0x000000001e9e0000)]
  0x000000001d20a800 JavaThread "Asynchronous log dispatcher for DefaultDaemonConnection: socket connection from /127.0.0.1:62554 to /127.0.0.1:62555" [_thread_blocked, id=17600, stack(0x000000001e7e0000,0x000000001e8e0000)]
  0x000000001beb8000 JavaThread "Daemon worker" [_thread_in_Java, id=16524, stack(0x000000001e6e0000,0x000000001e7e0000)]
  0x000000001beb6000 JavaThread "Cancel handler" [_thread_blocked, id=18028, stack(0x000000001e5e0000,0x000000001e6e0000)]
  0x000000001c5ea000 JavaThread "Handler for socket connection from /127.0.0.1:62554 to /127.0.0.1:62555" [_thread_in_native, id=9500, stack(0x000000001e2e0000,0x000000001e3e0000)]
  0x000000001c5eb800 JavaThread "Daemon" [_thread_blocked, id=4344, stack(0x000000001e1e0000,0x000000001e2e0000)]
  0x000000001d0b3000 JavaThread "Daemon periodic checks" [_thread_blocked, id=14900, stack(0x000000001e0e0000,0x000000001e1e0000)]
  0x000000001ce17000 JavaThread "Incoming local TCP Connector on port 62554" [_thread_in_native, id=18976, stack(0x000000001dea0000,0x000000001dfa0000)]
  0x000000001b186000 JavaThread "Daemon health stats" [_thread_blocked, id=7472, stack(0x000000001c870000,0x000000001c970000)]
  0x000000001a26a000 JavaThread "Service Thread" daemon [_thread_blocked, id=13704, stack(0x000000001aea0000,0x000000001afa0000)]
  0x000000001a1eb000 JavaThread "C1 CompilerThread3" daemon [_thread_blocked, id=1796, stack(0x000000001ada0000,0x000000001aea0000)]
  0x000000001a1e4000 JavaThread "C2 CompilerThread2" daemon [_thread_blocked, id=15164, stack(0x000000001aca0000,0x000000001ada0000)]
=>0x000000001a1d8000 JavaThread "C2 CompilerThread1" daemon [_thread_in_native, id=18828, stack(0x000000001aba0000,0x000000001aca0000)]
  0x000000001a1d4000 JavaThread "C2 CompilerThread0" daemon [_thread_blocked, id=15104, stack(0x000000001aaa0000,0x000000001aba0000)]
  0x000000001a1cf000 JavaThread "Attach Listener" daemon [_thread_blocked, id=18256, stack(0x000000001a9a0000,0x000000001aaa0000)]
  0x000000001a1ce000 JavaThread "Signal Dispatcher" daemon [_thread_blocked, id=15424, stack(0x000000001a8a0000,0x000000001a9a0000)]
  0x0000000003348800 JavaThread "Finalizer" daemon [_thread_blocked, id=18700, stack(0x000000001a6a0000,0x000000001a7a0000)]
  0x00000000183bc000 JavaThread "Reference Handler" daemon [_thread_blocked, id=10976, stack(0x000000001a5a0000,0x000000001a6a0000)]
  0x000000000318e000 JavaThread "main" [_thread_blocked, id=6640, stack(0x0000000003060000,0x0000000003160000)]

Other Threads:
  0x00000000183b7800 VMThread [stack: 0x000000001a0a0000,0x000000001a1a0000] [id=9992]
  0x000000001a21a000 WatcherThread [stack: 0x000000001afa0000,0x000000001b0a0000] [id=13328]

VM state:not at safepoint (normal execution)

VM Mutex/Monitor currently owned by a thread: None

heap address: 0x0000000080000000, size: 2048 MB, Compressed Oops mode: 32-bit
Narrow klass base: 0x0000000000000000, Narrow klass shift: 3
Compressed class space size: 1073741824 Address: 0x0000000100000000

Heap:
 PSYoungGen      total 70656K, used 23807K [0x00000000d5580000, 0x00000000d9f80000, 0x0000000100000000)
  eden space 65536K, 28% used [0x00000000d5580000,0x00000000d67c7e60,0x00000000d9580000)
  from space 5120K, 99% used [0x00000000d9580000,0x00000000d9a780e0,0x00000000d9a80000)
  to   space 5120K, 0% used [0x00000000d9a80000,0x00000000d9a80000,0x00000000d9f80000)
 ParOldGen       total 86016K, used 4080K [0x0000000080000000, 0x0000000085400000, 0x00000000d5580000)
  object space 86016K, 4% used [0x0000000080000000,0x00000000803fc3f8,0x0000000085400000)
 Metaspace       used 15638K, capacity 16054K, committed 16384K, reserved 1062912K
  class space    used 2116K, capacity 2243K, committed 2304K, reserved 1048576K

Card table byte_map: [0x0000000012710000,0x0000000012b20000] byte_map_base: 0x0000000012310000

Marking Bits: (ParMarkBitMap*) 0x0000000072bdf030
 Begin Bits: [0x00000000135d0000, 0x00000000155d0000)
 End Bits:   [0x00000000155d0000, 0x00000000175d0000)

Polling page: 0x0000000001450000

CodeCache: size=245760Kb used=5412Kb max_used=5421Kb free=240347Kb
 bounds [0x0000000003350000, 0x00000000038a0000, 0x0000000012350000]
 total_blobs=1873 nmethods=1481 adapters=305
 compilation: enabled

Compilation events (10 events):
Event: 2.185 Thread 0x000000001a1eb000 nmethod 1479 0x0000000003894e90 code [0x0000000003894fe0, 0x00000000038950f0]
Event: 2.185 Thread 0x000000001a1eb000 1477       3       java.lang.reflect.Method::getGenericParameterTypes (5 bytes)
Event: 2.186 Thread 0x000000001a1eb000 nmethod 1477 0x0000000003895150 code [0x0000000003895380, 0x00000000038960e8]
Event: 2.186 Thread 0x000000001a1eb000 1478       3       java.lang.reflect.Executable::getGenericParameterTypes (20 bytes)
Event: 2.186 Thread 0x000000001a1eb000 nmethod 1478 0x0000000003896a50 code [0x0000000003896be0, 0x0000000003897058]
Event: 2.195 Thread 0x000000001a1d4000 nmethod 1472 0x000000000389b390 code [0x000000000389b560, 0x000000000389cb48]
Event: 2.197 Thread 0x000000001a1eb000 1481       3       java.io.WinNTFileSystem::parentOrNull (171 bytes)
Event: 2.198 Thread 0x000000001a1eb000 nmethod 1481 0x0000000003899ed0 code [0x000000000389a100, 0x000000000389ae78]
Event: 2.198 Thread 0x000000001a1eb000 1482       3       java.lang.invoke.DirectMethodHandle::internalMemberName (8 bytes)
Event: 2.198 Thread 0x000000001a1eb000 nmethod 1482 0x0000000003899a90 code [0x0000000003899c00, 0x0000000003899e30]

GC Heap History (6 events):
Event: 0.719 GC heap before
{Heap before GC invocations=1 (full 0):
 PSYoungGen      total 37888K, used 32768K [0x00000000d5580000, 0x00000000d7f80000, 0x0000000100000000)
  eden space 32768K, 100% used [0x00000000d5580000,0x00000000d7580000,0x00000000d7580000)
  from space 5120K, 0% used [0x00000000d7a80000,0x00000000d7a80000,0x00000000d7f80000)
  to   space 5120K, 0% used [0x00000000d7580000,0x00000000d7580000,0x00000000d7a80000)
 ParOldGen       total 86016K, used 0K [0x0000000080000000, 0x0000000085400000, 0x00000000d5580000)
  object space 86016K, 0% used [0x0000000080000000,0x0000000080000000,0x0000000085400000)
 Metaspace       used 7502K, capacity 7760K, committed 8064K, reserved 1056768K
  class space    used 921K, capacity 1032K, committed 1152K, reserved 1048576K
Event: 0.727 GC heap after
Heap after GC invocations=1 (full 0):
 PSYoungGen      total 37888K, used 4494K [0x00000000d5580000, 0x00000000d9f80000, 0x0000000100000000)
  eden space 32768K, 0% used [0x00000000d5580000,0x00000000d5580000,0x00000000d7580000)
  from space 5120K, 87% used [0x00000000d7580000,0x00000000d79e3940,0x00000000d7a80000)
  to   space 5120K, 0% used [0x00000000d9a80000,0x00000000d9a80000,0x00000000d9f80000)
 ParOldGen       total 86016K, used 16K [0x0000000080000000, 0x0000000085400000, 0x00000000d5580000)
  object space 86016K, 0% used [0x0000000080000000,0x0000000080004000,0x0000000085400000)
 Metaspace       used 7502K, capacity 7760K, committed 8064K, reserved 1056768K
  class space    used 921K, capacity 1032K, committed 1152K, reserved 1048576K
}
Event: 1.007 GC heap before
{Heap before GC invocations=2 (full 0):
 PSYoungGen      total 37888K, used 37262K [0x00000000d5580000, 0x00000000d9f80000, 0x0000000100000000)
  eden space 32768K, 100% used [0x00000000d5580000,0x00000000d7580000,0x00000000d7580000)
  from space 5120K, 87% used [0x00000000d7580000,0x00000000d79e3940,0x00000000d7a80000)
  to   space 5120K, 0% used [0x00000000d9a80000,0x00000000d9a80000,0x00000000d9f80000)
 ParOldGen       total 86016K, used 16K [0x0000000080000000, 0x0000000085400000, 0x00000000d5580000)
  object space 86016K, 0% used [0x0000000080000000,0x0000000080004000,0x0000000085400000)
 Metaspace       used 7677K, capacity 7888K, committed 8064K, reserved 1056768K
  class space    used 930K, capacity 1032K, committed 1152K, reserved 1048576K
Event: 1.011 GC heap after
Heap after GC invocations=2 (full 0):
 PSYoungGen      total 70656K, used 3329K [0x00000000d5580000, 0x00000000d9f80000, 0x0000000100000000)
  eden space 65536K, 0% used [0x00000000d5580000,0x00000000d5580000,0x00000000d9580000)
  from space 5120K, 65% used [0x00000000d9a80000,0x00000000d9dc0598,0x00000000d9f80000)
  to   space 5120K, 0% used [0x00000000d9580000,0x00000000d9580000,0x00000000d9a80000)
 ParOldGen       total 86016K, used 24K [0x0000000080000000, 0x0000000085400000, 0x00000000d5580000)
  object space 86016K, 0% used [0x0000000080000000,0x0000000080006000,0x0000000085400000)
 Metaspace       used 7677K, capacity 7888K, committed 8064K, reserved 1056768K
  class space    used 930K, capacity 1032K, committed 1152K, reserved 1048576K
}
Event: 2.096 GC heap before
{Heap before GC invocations=3 (full 0):
 PSYoungGen      total 70656K, used 68865K [0x00000000d5580000, 0x00000000d9f80000, 0x0000000100000000)
  eden space 65536K, 100% used [0x00000000d5580000,0x00000000d9580000,0x00000000d9580000)
  from space 5120K, 65% used [0x00000000d9a80000,0x00000000d9dc0598,0x00000000d9f80000)
  to   space 5120K, 0% used [0x00000000d9580000,0x00000000d9580000,0x00000000d9a80000)
 ParOldGen       total 86016K, used 24K [0x0000000080000000, 0x0000000085400000, 0x00000000d5580000)
  object space 86016K, 0% used [0x0000000080000000,0x0000000080006000,0x0000000085400000)
 Metaspace       used 14662K, capacity 15056K, committed 15232K, reserved 1062912K
  class space    used 1934K, capacity 2080K, committed 2176K, reserved 1048576K
Event: 2.105 GC heap after
Heap after GC invocations=3 (full 0):
 PSYoungGen      total 70656K, used 5088K [0x00000000d5580000, 0x00000000d9f80000, 0x0000000100000000)
  eden space 65536K, 0% used [0x00000000d5580000,0x00000000d5580000,0x00000000d9580000)
  from space 5120K, 99% used [0x00000000d9580000,0x00000000d9a780e0,0x00000000d9a80000)
  to   space 5120K, 0% used [0x00000000d9a80000,0x00000000d9a80000,0x00000000d9f80000)
 ParOldGen       total 86016K, used 4080K [0x0000000080000000, 0x0000000085400000, 0x00000000d5580000)
  object space 86016K, 4% used [0x0000000080000000,0x00000000803fc3f8,0x0000000085400000)
 Metaspace       used 14662K, capacity 15056K, committed 15232K, reserved 1062912K
  class space    used 1934K, capacity 2080K, committed 2176K, reserved 1048576K
}

Deoptimization events (10 events):
Event: 1.176 Thread 0x000000000318e000 Uncommon trap: reason=class_check action=maybe_recompile pc=0x00000000035f684c method=java.util.HashMap.putVal(ILjava/lang/Object;Ljava/lang/Object;ZZ)Ljava/lang/Object; @ 203
Event: 1.444 Thread 0x000000000318e000 Uncommon trap: reason=unstable_if action=reinterpret pc=0x00000000036a81c0 method=java.io.WinNTFileSystem.normalize(Ljava/lang/String;)Ljava/lang/String; @ 128
Event: 1.444 Thread 0x000000000318e000 Uncommon trap: reason=unstable_if action=reinterpret pc=0x000000000368f18c method=java.io.WinNTFileSystem.normalize(Ljava/lang/String;II)Ljava/lang/String; @ 90
Event: 1.825 Thread 0x000000001c5ea000 Uncommon trap: reason=unstable_if action=reinterpret pc=0x000000000377e6a8 method=java.util.concurrent.ConcurrentHashMap.putVal(Ljava/lang/Object;Ljava/lang/Object;Z)Ljava/lang/Object; @ 206
Event: 1.861 Thread 0x000000001beb8000 Uncommon trap: reason=class_check action=maybe_recompile pc=0x00000000035f684c method=java.util.HashMap.putVal(ILjava/lang/Object;Ljava/lang/Object;ZZ)Ljava/lang/Object; @ 203
Event: 1.861 Thread 0x000000001beb8000 Uncommon trap: reason=class_check action=maybe_recompile pc=0x00000000035f684c method=java.util.HashMap.putVal(ILjava/lang/Object;Ljava/lang/Object;ZZ)Ljava/lang/Object; @ 203
Event: 2.042 Thread 0x000000001beb8000 Uncommon trap: reason=class_check action=maybe_recompile pc=0x000000000369e718 method=java.util.regex.Matcher.match(II)Z @ 86
Event: 2.053 Thread 0x000000001beb8000 Uncommon trap: reason=class_check action=maybe_recompile pc=0x000000000369e718 method=java.util.regex.Matcher.match(II)Z @ 86
Event: 2.053 Thread 0x000000001beb8000 Uncommon trap: reason=class_check action=maybe_recompile pc=0x000000000369e718 method=java.util.regex.Matcher.match(II)Z @ 86
Event: 2.053 Thread 0x000000001beb8000 Uncommon trap: reason=class_check action=maybe_recompile pc=0x0000000003505a5c method=java.util.regex.Matcher.match(II)Z @ 86

Classes redefined (0 events):
No events

Internal exceptions (10 events):
Event: 0.553 Thread 0x000000000318e000 Exception <a 'java/lang/ArrayIndexOutOfBoundsException'> (0x00000000d6b75b50) thrown at [C:\src\AOSP-openjdk-git\hotspot\src\share\vm\runtime\sharedRuntime.cpp, line 605]
Event: 0.554 Thread 0x000000000318e000 Exception <a 'java/lang/ArrayIndexOutOfBoundsException'> (0x00000000d6b77ae8) thrown at [C:\src\AOSP-openjdk-git\hotspot\src\share\vm\runtime\sharedRuntime.cpp, line 605]
Event: 1.797 Thread 0x000000000318e000 Exception <a 'java/io/IOException'> (0x00000000d74aef78) thrown at [C:\src\AOSP-openjdk-git\hotspot\src\share\vm\prims\jni.cpp, line 710]
Event: 1.826 Thread 0x000000001c5ea000 Exception <a 'java/lang/NoSuchMethodError': <clinit>> (0x00000000d76e8720) thrown at [C:\src\AOSP-openjdk-git\hotspot\src\share\vm\prims\jni.cpp, line 1615]
Event: 1.827 Thread 0x000000001c5ea000 Exception <a 'java/lang/NoSuchMethodError': <clinit>> (0x00000000d76f1e28) thrown at [C:\src\AOSP-openjdk-git\hotspot\src\share\vm\prims\jni.cpp, line 1615]
Event: 1.828 Thread 0x000000001c5ea000 Exception <a 'java/lang/NoSuchMethodError': <clinit>> (0x00000000d77067d0) thrown at [C:\src\AOSP-openjdk-git\hotspot\src\share\vm\prims\jni.cpp, line 1615]
Event: 1.835 Thread 0x000000001c5ea000 Exception <a 'java/lang/NoSuchMethodError': <clinit>> (0x00000000d775eac8) thrown at [C:\src\AOSP-openjdk-git\hotspot\src\share\vm\prims\jni.cpp, line 1615]
Event: 1.839 Thread 0x000000001c5ea000 Exception <a 'java/lang/NoSuchMethodError': <clinit>> (0x00000000d7796750) thrown at [C:\src\AOSP-openjdk-git\hotspot\src\share\vm\prims\jni.cpp, line 1615]
Event: 1.843 Thread 0x000000001c5ea000 Exception <a 'java/lang/NoSuchMethodError': <clinit>> (0x00000000d77cb8f8) thrown at [C:\src\AOSP-openjdk-git\hotspot\src\share\vm\prims\jni.cpp, line 1615]
Event: 1.843 Thread 0x000000001c5ea000 Exception <a 'java/lang/NoSuchMethodError': <clinit>> (0x00000000d77d7050) thrown at [C:\src\AOSP-openjdk-git\hotspot\src\share\vm\prims\jni.cpp, line 1615]

Events (10 events):
Event: 2.196 loading class org/apache/http/HttpRequest
Event: 2.196 loading class org/apache/http/HttpRequest done
Event: 2.197 loading class org/apache/http/HttpMessage
Event: 2.197 loading class org/apache/http/HttpMessage done
Event: 2.197 loading class org/apache/http/HttpRequest
Event: 2.197 loading class org/apache/http/HttpRequest done
Event: 2.197 loading class org/gradle/caching/http/internal/HttpBuildCacheRequestCustomizer
Event: 2.197 loading class org/gradle/caching/http/internal/HttpBuildCacheRequestCustomizer done
Event: 2.198 loading class org/gradle/plugins/ide/internal/tooling/ToolingModelServices$BuildScopeToolingServices
Event: 2.198 loading class org/gradle/plugins/ide/internal/tooling/ToolingModelServices$BuildScopeToolingServices done


Dynamic libraries:
0x00007ff6dd640000 - 0x00007ff6dd671000 	C:\Program Files\Android\Android Studio\jre\bin\java.exe
0x00007ffa9cc40000 - 0x00007ffa9ce30000 	C:\WINDOWS\SYSTEM32\ntdll.dll
0x00007ffa9bba0000 - 0x00007ffa9bc52000 	C:\WINDOWS\System32\KERNEL32.DLL
0x00007ffa9a9c0000 - 0x00007ffa9ac64000 	C:\WINDOWS\System32\KERNELBASE.dll
0x00007ffa9baf0000 - 0x00007ffa9bb93000 	C:\WINDOWS\System32\ADVAPI32.dll
0x00007ffa9b8b0000 - 0x00007ffa9b94e000 	C:\WINDOWS\System32\msvcrt.dll
0x00007ffa9c590000 - 0x00007ffa9c627000 	C:\WINDOWS\System32\sechost.dll
0x00007ffa9bf60000 - 0x00007ffa9c080000 	C:\WINDOWS\System32\RPCRT4.dll
0x00007ffa9b950000 - 0x00007ffa9bae4000 	C:\WINDOWS\System32\USER32.dll
0x00007ffa99c60000 - 0x00007ffa99c81000 	C:\WINDOWS\System32\win32u.dll
0x00007ffa9c6f0000 - 0x00007ffa9c716000 	C:\WINDOWS\System32\GDI32.dll
0x00007ffa99dd0000 - 0x00007ffa99f66000 	C:\WINDOWS\System32\gdi32full.dll
0x00007ffa99bc0000 - 0x00007ffa99c5e000 	C:\WINDOWS\System32\msvcp_win.dll
0x00007ffa99f70000 - 0x00007ffa9a06a000 	C:\WINDOWS\System32\ucrtbase.dll
0x00007ffa8ee30000 - 0x00007ffa8f0b4000 	C:\WINDOWS\WinSxS\amd64_microsoft.windows.common-controls_6595b64144ccf1df_6.0.18362.959_none_e6c7bbbf130c62bb\COMCTL32.dll
0x00007ffa9c220000 - 0x00007ffa9c555000 	C:\WINDOWS\System32\combase.dll
0x00007ffa9ac70000 - 0x00007ffa9acf0000 	C:\WINDOWS\System32\bcryptPrimitives.dll
0x00007ffa9c560000 - 0x00007ffa9c58e000 	C:\WINDOWS\System32\IMM32.DLL
0x0000000071ac0000 - 0x0000000071b92000 	C:\Program Files\Android\Android Studio\jre\jre\bin\msvcr100.dll
0x0000000072410000 - 0x0000000072c5b000 	C:\Program Files\Android\Android Studio\jre\jre\bin\server\jvm.dll
0x00007ffa9cab0000 - 0x00007ffa9cab8000 	C:\WINDOWS\System32\PSAPI.DLL
0x00007ffa98630000 - 0x00007ffa98639000 	C:\WINDOWS\SYSTEM32\WSOCK32.dll
0x00007ffa92190000 - 0x00007ffa921b4000 	C:\WINDOWS\SYSTEM32\WINMM.dll
0x00007ffa93e00000 - 0x00007ffa93e0a000 	C:\WINDOWS\SYSTEM32\VERSION.dll
0x00007ffa9cac0000 - 0x00007ffa9cb2f000 	C:\WINDOWS\System32\WS2_32.dll
0x00007ffa92160000 - 0x00007ffa9218d000 	C:\WINDOWS\SYSTEM32\WINMMBASE.dll
0x00007ffa9a970000 - 0x00007ffa9a9ba000 	C:\WINDOWS\System32\cfgmgr32.dll
0x00007ffa96b70000 - 0x00007ffa96b7f000 	C:\Program Files\Android\Android Studio\jre\jre\bin\verify.dll
0x00007ffa94010000 - 0x00007ffa94039000 	C:\Program Files\Android\Android Studio\jre\jre\bin\java.dll
0x00007ffa92240000 - 0x00007ffa92256000 	C:\Program Files\Android\Android Studio\jre\jre\bin\zip.dll
0x00007ffa9acf0000 - 0x00007ffa9b3d6000 	C:\WINDOWS\System32\SHELL32.dll
0x00007ffa9c630000 - 0x00007ffa9c6d9000 	C:\WINDOWS\System32\shcore.dll
0x00007ffa9a1e0000 - 0x00007ffa9a962000 	C:\WINDOWS\System32\windows.storage.dll
0x00007ffa99b20000 - 0x00007ffa99b43000 	C:\WINDOWS\System32\profapi.dll
0x00007ffa99b70000 - 0x00007ffa99bba000 	C:\WINDOWS\System32\powrprof.dll
0x00007ffa99af0000 - 0x00007ffa99b00000 	C:\WINDOWS\System32\UMPDC.dll
0x00007ffa9c1c0000 - 0x00007ffa9c212000 	C:\WINDOWS\System32\shlwapi.dll
0x00007ffa99b00000 - 0x00007ffa99b11000 	C:\WINDOWS\System32\kernel.appcore.dll
0x00007ffa9a070000 - 0x00007ffa9a087000 	C:\WINDOWS\System32\cryptsp.dll
0x00007ffa8ff80000 - 0x00007ffa8ff9a000 	C:\Program Files\Android\Android Studio\jre\jre\bin\net.dll
0x00007ffa99360000 - 0x00007ffa993c7000 	C:\WINDOWS\system32\mswsock.dll
0x00007ffa84e50000 - 0x00007ffa84e63000 	C:\Program Files\Android\Android Studio\jre\jre\bin\nio.dll
0x00007ffa71cf0000 - 0x00007ffa71d16000 	C:\Users\AHMAD ABRAR\.gradle\native\31\windows-amd64\native-platform.dll
0x00007ffa96ae0000 - 0x00007ffa96aed000 	C:\Program Files\Android\Android Studio\jre\jre\bin\management.dll
0x00007ffa98ed0000 - 0x00007ffa98f03000 	C:\WINDOWS\system32\rsaenh.dll
0x00007ffa99da0000 - 0x00007ffa99dc6000 	C:\WINDOWS\System32\bcrypt.dll
0x00007ffa99a10000 - 0x00007ffa99a35000 	C:\WINDOWS\SYSTEM32\USERENV.dll
0x00007ffa99530000 - 0x00007ffa9953c000 	C:\WINDOWS\SYSTEM32\CRYPTBASE.dll
0x00007ffa99070000 - 0x00007ffa990aa000 	C:\WINDOWS\SYSTEM32\IPHLPAPI.DLL
0x00007ffa9c6e0000 - 0x00007ffa9c6e8000 	C:\WINDOWS\System32\NSI.dll
0x00007ffa92950000 - 0x00007ffa92966000 	C:\WINDOWS\SYSTEM32\dhcpcsvc6.DLL
0x00007ffa938e0000 - 0x00007ffa938fc000 	C:\WINDOWS\SYSTEM32\dhcpcsvc.DLL
0x00007ffa990b0000 - 0x00007ffa9917b000 	C:\WINDOWS\SYSTEM32\DNSAPI.dll

VM Arguments:
jvm_args: -Xmx2048m -Dfile.encoding=windows-1252 -Duser.country=ID -Duser.language=en -Duser.variant 
java_command: org.gradle.launcher.daemon.bootstrap.GradleDaemon 6.1.1
java_class_path (initial): C:\Users\AHMAD ABRAR\.gradle\wrapper\dists\gradle-6.1.1-all\cfmwm155h49vnt3hynmlrsdst\gradle-6.1.1\lib\gradle-launcher-6.1.1.jar
Launcher Type: SUN_STANDARD

Environment Variables:
PATH=C:\Program Files (x86)\Common Files\Intel\Shared Files\cpp\bin\Intel64;C:\WINDOWS\system32;C:\WINDOWS;C:\WINDOWS\System32\Wbem;C:\WINDOWS\System32\WindowsPowerShell\v1.0\;C:\WINDOWS\System32\OpenSSH\;C:\Program Files (x86)\Windows Kits\8.1\Windows Performance Toolkit\;C:\Program Files\Microsoft SQL Server\120\Tools\Binn\;C:\Program Files\Git\cmd;C:\Users\AHMAD ABRAR\AppData\Local\Microsoft\WindowsApps;
USERNAME=AHMAD ABRAR
OS=Windows_NT
PROCESSOR_IDENTIFIER=Intel64 Family 6 Model 94 Stepping 3, GenuineIntel



---------------  S Y S T E M  ---------------

OS: Windows 10.0 , 64 bit Build 18362 (10.0.18362.959)

CPU:total 8 (initial active 8) (4 cores per cpu, 2 threads per core) family 6 model 94 stepping 3, cmov, cx8, fxsr, mmx, sse, sse2, sse3, ssse3, sse4.1, sse4.2, popcnt, avx, avx2, aes, clmul, erms, rtm, 3dnowpref, lzcnt, ht, tsc, tscinvbit, bmi1, bmi2, adx

Memory: 4k page, physical 8247572k(939192k free), swap 23687168k(5120k free)

vm_info: OpenJDK 64-Bit Server VM (25.242-b01) for windows-amd64 JRE (1.8.0_242-release-1644-b01), built by "builder" with MS VC++ 10.0 (VS2010)

time: Sun Aug 02 21:04:22 2020
timezone: Malay Peninsula Standard Time
elapsed time: 2 seconds (0d 0h 0m 2s)

